node.exe : npm warn Unknown env config "devdir". This will stop working in the next major version of npm.
At line:1 char:1
+ & "C:\Program Files\nodejs/node.exe" "C:\Users\wasif\AppData\Roaming\ ...
+ ~~~~~~~~~~~~~~~~~~~~~~~~~~~~~~~~~~~~~~~~~~~~~~~~~~~~~~~~~~~~~~~~~~~~~
    + CategoryInfo          : NotSpecified: (npm warn Unknow...version of npm.:String) [], RemoteException
    + FullyQualifiedErrorId : NativeCommandError
 
vite v7.3.5 building client environment for production...
[plugin @laravel/vite-plugin-wayfinder] Types generated for actions, routes, form variants
transforming...
Γ£ô 2768 modules transformed.
rendering chunks...
computing gzip size...
public/build/manifest.json                               32.71 kB Γöé gzip:   2.73 kB
public/build/assets/app-DNhCDQyM.css                    168.81 kB Γöé gzip:  26.71 kB
public/build/assets/index-BMKB-lBE.js                     0.37 kB Γöé gzip:   0.22 kB
public/build/assets/input-error-DBLlxXZH.js               0.40 kB Γöé gzip:   0.30 kB
public/build/assets/spinner-CyykfFUJ.js                   0.41 kB Γöé gzip:   0.31 kB
public/build/assets/textarea-C0OJmbtI.js                  0.80 kB Γöé gzip:   0.49 kB
public/build/assets/auth-field-Csn0CB47.js                0.81 kB Γöé gzip:   0.51 kB
public/build/assets/label-xBPPNPp2.js                     0.82 kB Γöé gzip:   0.53 kB
public/build/assets/index-C_SHgnPd.js                     0.93 kB Γöé gzip:   0.54 kB
public/build/assets/technician-layout-BA9sEQKD.js         0.94 kB Γöé gzip:   0.56 kB
public/build/assets/user-layout-IzIQrocF.js               1.01 kB Γöé gzip:   0.60 kB
public/build/assets/input-BBRU63Ou.js                     1.02 kB Γöé gzip:   0.57 kB
public/build/assets/admin-layout-C_LB-uGg.js              1.38 kB Γöé gzip:   0.79 kB
public/build/assets/index-G8LfEzhO.js                     1.50 kB Γöé gzip:   0.51 kB
public/build/assets/password-input-BZBqKxaD.js            1.58 kB Γöé gzip:   0.87 kB
public/build/assets/verify-email-DPdqiiEf.js              1.66 kB Γöé gzip:   0.91 kB
public/build/assets/sonner-BuM_EhRU.js                    1.77 kB Γöé gzip:   1.04 kB
public/build/assets/confirm-password-CwURuNmD.js          1.89 kB Γöé gzip:   0.92 kB
public/build/assets/forgot-password-CB8eMiyt.js           1.94 kB Γöé gzip:   1.01 kB
public/build/assets/Index-J9glU27x.js                     1.98 kB Γöé gzip:   0.90 kB
public/build/assets/appearance-BoKqTgxI.js                2.00 kB Γöé gzip:   1.02 kB
public/build/assets/History-CqC1XgtY.js                   2.05 kB Γöé gzip:   0.88 kB
public/build/assets/Index-DhjTIzhx.js                     2.39 kB Γöé gzip:   1.04 kB
public/build/assets/register-2UgRfqTS.js                  2.41 kB Γöé gzip:   1.07 kB
public/build/assets/index-D8SvGPT2.js                     2.47 kB Γöé gzip:   0.52 kB
public/build/assets/reset-password-DOQ14P5q.js            2.55 kB Γöé gzip:   1.11 kB
public/build/assets/two-factor-challenge-BQfsAWu8.js      2.61 kB Γöé gzip:   1.34 kB
public/build/assets/Index-sM4Fsplg.js                     2.70 kB Γöé gzip:   1.29 kB
public/build/assets/index-BmC_c-Am.js                     2.76 kB Γöé gzip:   0.71 kB
public/build/assets/Index-CCPyFV26.js                     2.84 kB Γöé gzip:   1.19 kB
public/build/assets/booking-schedule-field-B0ffujIP.js    3.12 kB Γöé gzip:   1.45 kB
public/build/assets/login-DCoTeMhf.js                     3.21 kB Γöé gzip:   1.53 kB
public/build/assets/brand-DM9Vx0i6.js                     3.37 kB Γöé gzip:   1.52 kB
public/build/assets/Edit-DbrUhQLI.js                      3.46 kB Γöé gzip:   1.47 kB
public/build/assets/Edit-DahFOIT8.js                      3.53 kB Γöé gzip:   1.31 kB
public/build/assets/Show-DDGscgye.js                      3.54 kB Γöé gzip:   1.58 kB
public/build/assets/Index-CpIX5XSN.js                     3.61 kB Γöé gzip:   1.62 kB
public/build/assets/password-CF5lITzJ.js                  3.84 kB Γöé gzip:   1.36 kB
public/build/assets/auth-layout-tcDvpQlE.js               3.88 kB Γöé gzip:   1.75 kB
public/build/assets/Index-JKdU-4KX.js                     3.90 kB Γöé gzip:   1.55 kB
public/build/assets/Login-MUrC1E0b.js                     4.03 kB Γöé gzip:   1.68 kB
public/build/assets/index-Bh826wDj.js                     4.13 kB Γöé gzip:   0.83 kB
public/build/assets/Show-B_gcm4WH.js                      4.19 kB Γöé gzip:   1.74 kB
public/build/assets/Index-DFqtUD9L.js                     4.23 kB Γöé gzip:   1.79 kB
public/build/assets/Edit-Bb1G8DAm.js                      4.26 kB Γöé gzip:   1.56 kB
public/build/assets/portal-select-B0tsvnuv.js             4.27 kB Γöé gzip:   1.71 kB
public/build/assets/Index-BmAMazU5.js                     4.28 kB Γöé gzip:   1.70 kB
public/build/assets/booking-work-progress-DEVyQz5u.js     4.50 kB Γöé gzip:   1.86 kB
public/build/assets/Index-D8Pv6CAk.js                     4.53 kB Γöé gzip:   1.79 kB
public/build/assets/admin-login-BoazQp91.js               4.65 kB Γöé gzip:   2.07 kB
public/build/assets/AdminDashboard-DtRJ2lE5.js            4.71 kB Γöé gzip:   1.79 kB
public/build/assets/Index-BrRYMIW0.js                     4.71 kB Γöé gzip:   1.90 kB
public/build/assets/Create-50w4pTjS.js                    5.02 kB Γöé gzip:   1.73 kB
public/build/assets/UserDashboard-CVsiCxbC.js             5.33 kB Γöé gzip:   2.02 kB
public/build/assets/layout-CeUkRFuI.js                    5.97 kB Γöé gzip:   1.92 kB
public/build/assets/Show-ClAnoAfW.js                      6.32 kB Γöé gzip:   2.33 kB
public/build/assets/profile-Yv9pygVw.js                   7.04 kB Γöé gzip:   2.45 kB
public/build/assets/Show-DrNR0jfz.js                      7.22 kB Γöé gzip:   2.72 kB
public/build/assets/Index-CzCU7hB2.js                     7.42 kB Γöé gzip:   2.87 kB
public/build/assets/dialog-gZw-fEdl.js                    7.92 kB Γöé gzip:   2.48 kB
public/build/assets/Show-D1-l9Ql9.js                      8.32 kB Γöé gzip:   3.22 kB
public/build/assets/Create-0VuNqP01.js                    8.87 kB Γöé gzip:   2.76 kB
public/build/assets/Show-Ci6SjL7W.js                      9.63 kB Γöé gzip:   3.27 kB
public/build/assets/Edit-CUHQBDzw.js                     11.39 kB Γöé gzip:   4.45 kB
public/build/assets/Show-Ch9lolWM.js                     11.63 kB Γöé gzip:   4.10 kB
public/build/assets/Index-CLDlD3hR.js                    12.17 kB Γöé gzip:   4.08 kB
public/build/assets/Index-CHzgwJ3G.js                    12.43 kB Γöé gzip:   4.41 kB
public/build/assets/Index-DDntOQfn.js                    13.31 kB Γöé gzip:   4.79 kB
public/build/assets/use-two-factor-auth-B8jthQkP.js      13.50 kB Γöé gzip:   5.37 kB
public/build/assets/Index-DCGMjbFZ.js                    14.77 kB Γöé gzip:   5.07 kB
public/build/assets/two-factor-xU7GUWS9.js               17.07 kB Γöé gzip:   5.62 kB
public/build/assets/dashboard-nav-D4shU-V_.js            41.13 kB Γöé gzip:  12.91 kB
public/build/assets/home-BWorv3d7.js                     52.52 kB Γöé gzip:  14.18 kB
public/build/assets/ui-B-TVl2rU.js                      101.11 kB Γöé gzip:  34.15 kB
public/build/assets/app-wyPktIjo.js                     548.74 kB Γöé gzip: 178.51 kB
Γ£ô built in 11.01s
